Configuring clientsession-0.9.1.2...
Building clientsession-0.9.1.2...
Preprocessing library clientsession-0.9.1.2...
[1 of 2] Compiling Web.ClientSession ( src\Web\ClientSession.hs, .stack-work\dist\ca59d0ab\build\Web\ClientSession.o )

src\Web\ClientSession.hs:91:1: warning: [-Wunused-imports]
    The import of `Data.Tagged' is redundant
      except perhaps to import instances from `Data.Tagged'
    To import instances alone, use: import Data.Tagged()

src\Web\ClientSession.hs:95:1: warning: [-Wunused-imports]
    The import of `Crypto.Random' is redundant
      except perhaps to import instances from `Crypto.Random'
    To import instances alone, use: import Crypto.Random()

src\Web\ClientSession.hs:96:1: warning: [-Wunused-imports]
    The import of `Crypto.Types' is redundant
      except perhaps to import instances from `Crypto.Types'
    To import instances alone, use: import Crypto.Types()

src\Web\ClientSession.hs:267:37: warning: [-Wdeprecations]
    In the use of `initKey' (imported from Crypto.Cipher.AES):
    Deprecated: "use initAES"
[2 of 2] Compiling System.LookupEnv ( src\System\LookupEnv.hs, .stack-work\dist\ca59d0ab\build\System\LookupEnv.o )
Preprocessing executable 'clientsession-generate' for clientsession-0.9.1.2...
[1 of 1] Compiling Main             ( bin\generate.hs, .stack-work\dist\ca59d0ab\build\clientsession-generate\clientsession-generate-tmp\Main.o )
Linking .stack-work\dist\ca59d0ab\build\clientsession-generate\clientsession-generate.exe ...
Installing library in
C:\sr\snapshots\658faa8e\lib\x86_64-windows-ghc-8.0.2\clientsession-0.9.1.2-K8D37uZ4jG43PTgGwf3Jrc
Installing executable(s) in C:\sr\snapshots\658faa8e\bin
Registering clientsession-0.9.1.2...
